{"/home/steve/Desktop/automata/cellulite/src/main.js":{"path":"/home/steve/Desktop/automata/cellulite/src/main.js","s":{"1":1,"2":1},"b":{},"f":{},"fnMap":{},"statementMap":{"1":{"start":{"line":8,"column":0},"end":{"line":8,"column":42}},"2":{"start":{"line":9,"column":0},"end":{"line":9,"column":30}}},"branchMap":{}},"/home/steve/Desktop/automata/cellulite/src/automaton.js":{"path":"/home/steve/Desktop/automata/cellulite/src/automaton.js","s":{"1":14,"2":14,"3":14,"4":14,"5":14,"6":14,"7":10815,"8":14,"9":9,"10":9,"11":9,"12":9,"13":9,"14":14,"15":14,"16":15,"17":201,"18":11385,"19":24,"20":24,"21":320,"22":13264,"23":9,"24":8,"25":8,"26":13255,"27":9,"28":6,"29":6,"30":13250,"31":13250,"32":39750,"33":119250,"34":119250,"35":119250,"36":13250,"37":24,"38":10,"39":10,"40":9,"41":20,"42":1,"43":2,"44":2,"45":4,"46":2,"47":2,"48":6,"49":18,"50":9,"51":9,"52":6,"53":2,"54":2,"55":9,"56":170,"57":1,"58":47,"59":47,"60":698,"61":47,"62":1},"b":{"1":[14,2],"2":[14,12],"3":[14,12],"4":[14,13],"5":[9,5],"6":[14,12],"7":[9,13255],"8":[8,1],"9":[9,6,3,2],"10":[9,13246],"11":[6,3],"12":[9,6],"13":[10,6],"14":[9,1],"15":[9,9]},"f":{"1":14,"2":15,"3":24,"4":10,"5":4,"6":2,"7":6,"8":18,"9":9,"10":170,"11":47},"fnMap":{"1":{"name":"(anonymous_1)","line":75,"loc":{"start":{"line":75,"column":15},"end":{"line":75,"column":32}}},"2":{"name":"(anonymous_2)","line":106,"loc":{"start":{"line":106,"column":9},"end":{"line":106,"column":11}}},"3":{"name":"(anonymous_3)","line":122,"loc":{"start":{"line":122,"column":9},"end":{"line":122,"column":17}}},"4":{"name":"(anonymous_4)","line":166,"loc":{"start":{"line":166,"column":8},"end":{"line":166,"column":11}}},"5":{"name":"(anonymous_5)","line":176,"loc":{"start":{"line":176,"column":37},"end":{"line":176,"column":61}}},"6":{"name":"(anonymous_6)","line":191,"loc":{"start":{"line":191,"column":15},"end":{"line":191,"column":20}}},"7":{"name":"(anonymous_7)","line":193,"loc":{"start":{"line":193,"column":26},"end":{"line":193,"column":39}}},"8":{"name":"(anonymous_8)","line":194,"loc":{"start":{"line":194,"column":24},"end":{"line":194,"column":38}}},"9":{"name":"(anonymous_9)","line":217,"loc":{"start":{"line":217,"column":30},"end":{"line":217,"column":35}}},"10":{"name":"(anonymous_10)","line":218,"loc":{"start":{"line":218,"column":15},"end":{"line":218,"column":32}}},"11":{"name":"get2DArray","line":231,"loc":{"start":{"line":231,"column":0},"end":{"line":231,"column":30}}}},"statementMap":{"1":{"start":{"line":76,"column":8},"end":{"line":76,"column":32}},"2":{"start":{"line":78,"column":8},"end":{"line":78,"column":31}},"3":{"start":{"line":81,"column":8},"end":{"line":81,"column":39}},"4":{"start":{"line":83,"column":8},"end":{"line":83,"column":39}},"5":{"start":{"line":85,"column":8},"end":{"line":85,"column":52}},"6":{"start":{"line":87,"column":8},"end":{"line":87,"column":59}},"7":{"start":{"line":87,"column":56},"end":{"line":87,"column":57}},"8":{"start":{"line":90,"column":8},"end":{"line":96,"column":9}},"9":{"start":{"line":91,"column":12},"end":{"line":91,"column":38}},"10":{"start":{"line":92,"column":12},"end":{"line":92,"column":33}},"11":{"start":{"line":93,"column":12},"end":{"line":93,"column":36}},"12":{"start":{"line":94,"column":12},"end":{"line":94,"column":64}},"13":{"start":{"line":95,"column":12},"end":{"line":95,"column":56}},"14":{"start":{"line":99,"column":8},"end":{"line":99,"column":53}},"15":{"start":{"line":102,"column":8},"end":{"line":102,"column":21}},"16":{"start":{"line":108,"column":8},"end":{"line":112,"column":9}},"17":{"start":{"line":109,"column":12},"end":{"line":111,"column":13}},"18":{"start":{"line":110,"column":16},"end":{"line":110,"column":64}},"19":{"start":{"line":123,"column":8},"end":{"line":123,"column":55}},"20":{"start":{"line":125,"column":8},"end":{"line":155,"column":9}},"21":{"start":{"line":126,"column":12},"end":{"line":154,"column":13}},"22":{"start":{"line":127,"column":16},"end":{"line":140,"column":17}},"23":{"start":{"line":129,"column":20},"end":{"line":133,"column":21}},"24":{"start":{"line":131,"column":24},"end":{"line":131,"column":57}},"25":{"start":{"line":132,"column":24},"end":{"line":132,"column":33}},"26":{"start":{"line":134,"column":22},"end":{"line":140,"column":17}},"27":{"start":{"line":136,"column":20},"end":{"line":139,"column":21}},"28":{"start":{"line":137,"column":24},"end":{"line":137,"column":57}},"29":{"start":{"line":138,"column":24},"end":{"line":138,"column":33}},"30":{"start":{"line":145,"column":16},"end":{"line":145,"column":56}},"31":{"start":{"line":146,"column":16},"end":{"line":152,"column":17}},"32":{"start":{"line":147,"column":20},"end":{"line":151,"column":21}},"33":{"start":{"line":148,"column":24},"end":{"line":148,"column":70}},"34":{"start":{"line":149,"column":24},"end":{"line":149,"column":70}},"35":{"start":{"line":150,"column":24},"end":{"line":150,"column":69}},"36":{"start":{"line":153,"column":16},"end":{"line":153,"column":55}},"37":{"start":{"line":158,"column":8},"end":{"line":158,"column":29}},"38":{"start":{"line":167,"column":8},"end":{"line":167,"column":19}},"39":{"start":{"line":168,"column":8},"end":{"line":180,"column":9}},"40":{"start":{"line":169,"column":12},"end":{"line":171,"column":13}},"41":{"start":{"line":170,"column":16},"end":{"line":170,"column":41}},"42":{"start":{"line":174,"column":12},"end":{"line":179,"column":13}},"43":{"start":{"line":175,"column":16},"end":{"line":175,"column":32}},"44":{"start":{"line":176,"column":16},"end":{"line":178,"column":19}},"45":{"start":{"line":177,"column":20},"end":{"line":177,"column":46}},"46":{"start":{"line":192,"column":8},"end":{"line":192,"column":24}},"47":{"start":{"line":193,"column":8},"end":{"line":202,"column":11}},"48":{"start":{"line":194,"column":12},"end":{"line":200,"column":15}},"49":{"start":{"line":195,"column":16},"end":{"line":199,"column":17}},"50":{"start":{"line":196,"column":20},"end":{"line":196,"column":40}},"51":{"start":{"line":198,"column":20},"end":{"line":198,"column":35}},"52":{"start":{"line":201,"column":12},"end":{"line":201,"column":27}},"53":{"start":{"line":205,"column":8},"end":{"line":205,"column":51}},"54":{"start":{"line":206,"column":8},"end":{"line":206,"column":22}},"55":{"start":{"line":218,"column":8},"end":{"line":220,"column":9}},"56":{"start":{"line":219,"column":12},"end":{"line":219,"column":33}},"57":{"start":{"line":231,"column":0},"end":{"line":237,"column":1}},"58":{"start":{"line":232,"column":4},"end":{"line":232,"column":41}},"59":{"start":{"line":233,"column":4},"end":{"line":235,"column":5}},"60":{"start":{"line":234,"column":8},"end":{"line":234,"column":39}},"61":{"start":{"line":236,"column":4},"end":{"line":236,"column":13}},"62":{"start":{"line":239,"column":0},"end":{"line":239,"column":27}}},"branchMap":{"1":{"line":76,"type":"binary-expr","locations":[{"start":{"line":76,"column":18},"end":{"line":76,"column":25}},{"start":{"line":76,"column":29},"end":{"line":76,"column":31}}]},"2":{"line":81,"type":"binary-expr","locations":[{"start":{"line":81,"column":20},"end":{"line":81,"column":32}},{"start":{"line":81,"column":36},"end":{"line":81,"column":38}}]},"3":{"line":83,"type":"binary-expr","locations":[{"start":{"line":83,"column":20},"end":{"line":83,"column":32}},{"start":{"line":83,"column":36},"end":{"line":83,"column":38}}]},"4":{"line":87,"type":"binary-expr","locations":[{"start":{"line":87,"column":27},"end":{"line":87,"column":46}},{"start":{"line":87,"column":51},"end":{"line":87,"column":57}}]},"5":{"line":90,"type":"if","locations":[{"start":{"line":90,"column":8},"end":{"line":90,"column":8}},{"start":{"line":90,"column":8},"end":{"line":90,"column":8}}]},"6":{"line":99,"type":"binary-expr","locations":[{"start":{"line":99,"column":24},"end":{"line":99,"column":40}},{"start":{"line":99,"column":44},"end":{"line":99,"column":52}}]},"7":{"line":127,"type":"if","locations":[{"start":{"line":127,"column":16},"end":{"line":127,"column":16}},{"start":{"line":127,"column":16},"end":{"line":127,"column":16}}]},"8":{"line":129,"type":"if","locations":[{"start":{"line":129,"column":20},"end":{"line":129,"column":20}},{"start":{"line":129,"column":20},"end":{"line":129,"column":20}}]},"9":{"line":129,"type":"binary-expr","locations":[{"start":{"line":129,"column":23},"end":{"line":129,"column":29}},{"start":{"line":129,"column":33},"end":{"line":129,"column":51}},{"start":{"line":130,"column":27},"end":{"line":130,"column":33}},{"start":{"line":130,"column":37},"end":{"line":130,"column":55}}]},"10":{"line":134,"type":"if","locations":[{"start":{"line":134,"column":22},"end":{"line":134,"column":22}},{"start":{"line":134,"column":22},"end":{"line":134,"column":22}}]},"11":{"line":136,"type":"if","locations":[{"start":{"line":136,"column":20},"end":{"line":136,"column":20}},{"start":{"line":136,"column":20},"end":{"line":136,"column":20}}]},"12":{"line":136,"type":"binary-expr","locations":[{"start":{"line":136,"column":23},"end":{"line":136,"column":29}},{"start":{"line":136,"column":33},"end":{"line":136,"column":51}}]},"13":{"line":167,"type":"binary-expr","locations":[{"start":{"line":167,"column":12},"end":{"line":167,"column":13}},{"start":{"line":167,"column":17},"end":{"line":167,"column":18}}]},"14":{"line":168,"type":"if","locations":[{"start":{"line":168,"column":8},"end":{"line":168,"column":8}},{"start":{"line":168,"column":8},"end":{"line":168,"column":8}}]},"15":{"line":195,"type":"if","locations":[{"start":{"line":195,"column":16},"end":{"line":195,"column":16}},{"start":{"line":195,"column":16},"end":{"line":195,"column":16}}]}}}}