TN:
SF:/home/steve/Desktop/automata/cellulite/src/main.js
FNF:0
FNH:0
DA:8,1
DA:9,1
LF:2
LH:2
BRF:0
BRH:0
end_of_record
TN:
SF:/home/steve/Desktop/automata/cellulite/src/automaton.js
FN:75,(anonymous_1)
FN:106,(anonymous_2)
FN:122,(anonymous_3)
FN:166,(anonymous_4)
FN:176,(anonymous_5)
FN:191,(anonymous_6)
FN:193,(anonymous_7)
FN:194,(anonymous_8)
FN:217,(anonymous_9)
FN:218,(anonymous_10)
FN:231,get2DArray
FNF:11
FNH:11
FNDA:13,(anonymous_1)
FNDA:14,(anonymous_2)
FNDA:23,(anonymous_3)
FNDA:9,(anonymous_4)
FNDA:4,(anonymous_5)
FNDA:2,(anonymous_6)
FNDA:6,(anonymous_7)
FNDA:18,(anonymous_8)
FNDA:9,(anonymous_9)
FNDA:170,(anonymous_10)
FNDA:45,get2DArray
DA:76,13
DA:78,13
DA:81,13
DA:83,13
DA:85,13
DA:87,815
DA:90,13
DA:91,9
DA:92,9
DA:93,9
DA:94,9
DA:95,9
DA:99,13
DA:102,13
DA:108,14
DA:109,101
DA:110,1385
DA:123,23
DA:125,23
DA:126,220
DA:127,3264
DA:129,9
DA:131,8
DA:132,8
DA:134,3255
DA:136,9
DA:137,6
DA:138,6
DA:145,3250
DA:146,3250
DA:147,9750
DA:148,29250
DA:149,29250
DA:150,29250
DA:153,3250
DA:158,23
DA:167,9
DA:168,9
DA:169,8
DA:170,19
DA:174,1
DA:175,2
DA:176,2
DA:177,4
DA:192,2
DA:193,2
DA:194,6
DA:195,18
DA:196,9
DA:198,9
DA:201,6
DA:205,2
DA:206,2
DA:218,9
DA:219,170
DA:231,1
DA:232,45
DA:233,45
DA:234,498
DA:236,45
DA:239,1
LF:61
LH:61
BRDA:76,1,0,13
BRDA:76,1,1,2
BRDA:81,2,0,13
BRDA:81,2,1,12
BRDA:83,3,0,13
BRDA:83,3,1,12
BRDA:87,4,0,13
BRDA:87,4,1,12
BRDA:90,5,0,9
BRDA:90,5,1,4
BRDA:99,6,0,13
BRDA:99,6,1,11
BRDA:127,7,0,9
BRDA:127,7,1,3255
BRDA:129,8,0,8
BRDA:129,8,1,1
BRDA:129,9,0,9
BRDA:129,9,1,6
BRDA:129,9,2,3
BRDA:129,9,3,2
BRDA:134,10,0,9
BRDA:134,10,1,3246
BRDA:136,11,0,6
BRDA:136,11,1,3
BRDA:136,12,0,9
BRDA:136,12,1,6
BRDA:167,13,0,9
BRDA:167,13,1,5
BRDA:168,14,0,8
BRDA:168,14,1,1
BRDA:195,15,0,9
BRDA:195,15,1,9
BRF:32
BRH:32
end_of_record
